<?xml version="1.0" encoding="UTF-8"?>
<testsuite name="challenge.SubmitTest" tests="6" skipped="0" failures="0" errors="0" timestamp="2019-01-17T13:41:27" hostname="JCN-MICHAEL" time="1.251">
  <properties/>
  <testcase name="q1" classname="challenge.SubmitTest" time="0.318"/>
  <testcase name="q2" classname="challenge.SubmitTest" time="0.169"/>
  <testcase name="q3" classname="challenge.SubmitTest" time="0.178"/>
  <testcase name="q4" classname="challenge.SubmitTest" time="0.149"/>
  <testcase name="q5" classname="challenge.SubmitTest" time="0.253"/>
  <testcase name="q6" classname="challenge.SubmitTest" time="0.18"/>
  <system-out><![CDATA[]]></system-out>
  <system-err><![CDATA[]]></system-err>
</testsuite>
